Change Component Footprint: Designator=R1 Old Footprint=AXIAL-0.3 New Footprint=C0805
Change Component Footprint: Designator=R2 Old Footprint=AXIAL-0.3 New Footprint=C0805
Change Component Footprint: Designator=R3 Old Footprint=AXIAL-0.3 New Footprint=C0805
Change Component Footprint: Designator=R4 Old Footprint=AXIAL-0.3 New Footprint=C0805
Change Component Footprint: Designator=R5 Old Footprint=AXIAL-0.3 New Footprint=C0805
Change Component Footprint: Designator=R6 Old Footprint=AXIAL-0.3 New Footprint=C0805
Change Component Footprint: Designator=R7 Old Footprint=AXIAL-0.3 New Footprint=C0805
Change Component Footprint: Designator=R11 Old Footprint=AXIAL-0.3 New Footprint=C0805
Change Component Footprint: Designator=R12 Old Footprint=AXIAL-0.3 New Footprint=C0805
Change Component Footprint: Designator=R20 Old Footprint=AXIAL-0.3 New Footprint=C0805
Change Component Footprint: Designator=R21 Old Footprint=AXIAL-0.3 New Footprint=C0805
Change Component Footprint: Designator=R22 Old Footprint=AXIAL-0.3 New Footprint=C0805
Change Component Footprint: Designator=R23 Old Footprint=AXIAL-0.3 New Footprint=C0805
Change Component Footprint: Designator=R30 Old Footprint=AXIAL-0.3 New Footprint=C0805
Change Component Footprint: Designator=R31 Old Footprint=AXIAL-0.3 New Footprint=C0805
Change Component Footprint: Designator=R32 Old Footprint=AXIAL-0.3 New Footprint=C0805
Change Component Footprint: Designator=R33 Old Footprint=AXIAL-0.3 New Footprint=C0805
Change Component Footprint: Designator=R34 Old Footprint=AXIAL-0.3 New Footprint=C0805
Change Component Footprint: Designator=R105 Old Footprint=AXIAL-0.3 New Footprint=C0805
Change Component Footprint: Designator=R106 Old Footprint=AXIAL-0.3 New Footprint=C0805
Change Component Footprint: Designator=R107 Old Footprint=AXIAL-0.3 New Footprint=C0805
Change Component Footprint: Designator=R111 Old Footprint=AXIAL-0.3 New Footprint=C0805
Change Component Footprint: Designator=R112 Old Footprint=AXIAL-0.3 New Footprint=C0805
Change Component Footprint: Designator=Rcs2 Old Footprint=AXIAL-0.3 New Footprint=C0805
Change Component Footprint: Designator=Rcs Old Footprint=AXIAL-0.3 New Footprint=C0805
Change Component Footprint: Designator=Rs2 Old Footprint=AXIAL-0.3 New Footprint=C0805
Change Component Footprint: Designator=Rs Old Footprint=AXIAL-0.3 New Footprint=C0805
Change Component Footprint: Designator=C2 Old Footprint=J1-0603 New Footprint=C0805
Change Component Footprint: Designator=C3 Old Footprint=J1-0603 New Footprint=C0805
Change Component Footprint: Designator=C4 Old Footprint=J1-0603 New Footprint=C0805
Change Component Footprint: Designator=C5 Old Footprint=J1-0603 New Footprint=C0805
Change Component Footprint: Designator=C6 Old Footprint=J1-0603 New Footprint=C0805
Change Component Footprint: Designator=C8 Old Footprint=J1-0603 New Footprint=C0805
Change Component Footprint: Designator=C9 Old Footprint=J1-0603 New Footprint=C0805
Change Component Footprint: Designator=C10 Old Footprint=J1-0603 New Footprint=C0805
Change Component Footprint: Designator=C20 Old Footprint=J1-0603 New Footprint=C0805
Change Component Footprint: Designator=C102 Old Footprint=J1-0603 New Footprint=C0805
Change Component Footprint: Designator=C103 Old Footprint=J1-0603 New Footprint=C0805
Change Component Footprint: Designator=C104 Old Footprint=J1-0603 New Footprint=C0805
Change Component Footprint: Designator=C105 Old Footprint=J1-0603 New Footprint=C0805
Change Component Footprint: Designator=C106 Old Footprint=J1-0603 New Footprint=C0805
Change Component Footprint: Designator=C108 Old Footprint=J1-0603 New Footprint=C0805
